d:\file exchange\ids_in_leach_v12\workspace_ids_in_leach\src\simulation\dsr\debug\vc142.pdb
d:\file exchange\ids_in_leach_v12\workspace_ids_in_leach\src\simulation\dsr\debug\vc142.idb
d:\file exchange\ids_in_leach_v12\workspace_ids_in_leach\src\simulation\dsr\debug\sourceroute.obj
d:\file exchange\ids_in_leach_v12\workspace_ids_in_leach\src\simulation\dsr\debug\sendbuffer.obj
d:\file exchange\ids_in_leach_v12\workspace_ids_in_leach\src\simulation\dsr\debug\routerequest.obj
d:\file exchange\ids_in_leach_v12\workspace_ids_in_leach\src\simulation\dsr\debug\routereply.obj
d:\file exchange\ids_in_leach_v12\workspace_ids_in_leach\src\simulation\dsr\debug\routeerror.obj
d:\file exchange\ids_in_leach_v12\workspace_ids_in_leach\src\simulation\dsr\debug\routecache.obj
d:\file exchange\ids_in_leach_v12\workspace_ids_in_leach\src\simulation\dsr\debug\pathrater.obj
d:\file exchange\ids_in_leach_v12\workspace_ids_in_leach\src\simulation\dsr\debug\packetprocessing.obj
d:\file exchange\ids_in_leach_v12\workspace_ids_in_leach\src\simulation\dsr\debug\network_layer_ack.obj
d:\file exchange\ids_in_leach_v12\workspace_ids_in_leach\src\simulation\dsr\debug\malicious.obj
d:\file exchange\ids_in_leach_v12\workspace_ids_in_leach\src\simulation\dsr\debug\maintbuffer.obj
d:\file exchange\ids_in_leach_v12\workspace_ids_in_leach\src\simulation\dsr\debug\dsr.obj
d:\file exchange\ids_in_leach_v12\workspace_ids_in_leach\src\simulation\dsr\debug\checkroutefound.obj
d:\file exchange\ids_in_leach_v12\workspace_ids_in_leach\src\simulation\dsr\debug\dsr.tlog\cl.command.1.tlog
d:\file exchange\ids_in_leach_v12\workspace_ids_in_leach\src\simulation\dsr\debug\dsr.tlog\cl.read.1.tlog
d:\file exchange\ids_in_leach_v12\workspace_ids_in_leach\src\simulation\dsr\debug\dsr.tlog\cl.write.1.tlog
d:\file exchange\ids_in_leach_v12\workspace_ids_in_leach\src\simulation\dsr\debug\dsr.tlog\link.18372.read.1.tlog
d:\file exchange\ids_in_leach_v12\workspace_ids_in_leach\src\simulation\dsr\debug\dsr.tlog\link.18372.write.1.tlog
d:\file exchange\ids_in_leach_v12\workspace_ids_in_leach\src\simulation\dsr\debug\dsr.tlog\link.command.1.tlog
d:\file exchange\ids_in_leach_v12\workspace_ids_in_leach\src\simulation\dsr\debug\dsr.tlog\link.read.1.tlog
d:\file exchange\ids_in_leach_v12\workspace_ids_in_leach\src\simulation\dsr\debug\dsr.tlog\link.write.1.tlog
